[0m[[0mdebug[0m] [0mRunning TaskDef(service.AccountServicesTest, org.scalatest.tools.Framework$$anon$1@43ffc627, false, [SuiteSelector])[0m
[0m[[0minfo[0m] [0m[36mRun completed in 503 milliseconds.[0m[0m
[0m[[0minfo[0m] [0m[36mTotal number of tests run: 3[0m[0m
[0m[[0minfo[0m] [0m[36mSuites: completed 1, aborted 0[0m[0m
[0m[[0minfo[0m] [0m[36mTests: succeeded 0, failed 3, canceled 0, ignored 0, pending 0[0m[0m
[0m[[0minfo[0m] [0m[31m*** 3 TESTS FAILED ***[0m[0m
[0m[[31merror[0m] [0mFailed tests:[0m
[0m[[31merror[0m] [0m	service.AccountServicesTest[0m
[0m[[31merror[0m] [0m(Account/test:[31mtest[0m) sbt.TestsFailedException: Tests unsuccessful[0m
